         #Time  Core     P_PKG     P_PP0    P_DRAM
 1459082451.39     0     18.61      6.36     10.26
 1459082451.59     0     18.42      6.24     10.20
 1459082451.79     0     18.51      6.26     10.30
 1459082451.99     0     18.51      6.26     10.25
 1459082452.19     0     18.49      6.30     10.11
 1459082452.39     0     18.48      6.23     10.30
 1459082452.59     0     21.06      8.87     10.25
 1459082452.79     0     21.57      9.32     10.20
 1459082452.99     0     18.51      6.26     10.15
 1459082453.19     0     18.65      6.46     10.25
 1459082453.39     0     18.50      6.26     10.20
 1459082453.59     0     18.40      6.21     10.10
 1459082453.79     0     18.47      6.23      9.96
 1459082453.99     0     18.55      6.35     10.19
 1459082454.19     0     18.56      6.31     10.15
 1459082454.40     0     18.49      6.24     10.25
 1459082454.60     0     18.46      6.28     10.20
 1459082454.80     0     18.51      6.26     10.16
 1459082455.00     0     18.40      6.21     10.15
 1459082455.20     0     18.66      6.41     10.16
 1459082455.40     0     18.50      6.25     10.20
 1459082455.60     0     20.29      8.10     10.23
 1459082455.80     0     18.50      6.25     10.20
 1459082456.00     0     18.38      6.20     10.20
 1459082456.20     0     25.82     13.57     10.13
 1459082456.40     0     25.70     13.51     10.15
 1459082456.60     0     25.83     13.58     10.30
 1459082456.80     0     25.84     13.59     10.25
 1459082457.00     0     25.70     13.51     10.16
 1459082457.20     0     22.98     10.73     10.21
 1459082457.40     0     18.41      6.23     10.15
 1459082457.60     0     18.52      6.28     10.16
 1459082457.80     0     18.49      6.24     10.25
 1459082458.00     0     18.40      6.22     10.15
 1459082458.20     0     18.58      6.33     10.16
 1459082458.40     0     18.50      6.31     10.11
 1459082458.60     0     20.34      8.09     10.18
 1459082458.80     0     18.53      6.29     10.25
 1459082459.00     0     19.93      7.74     10.24
 1459082459.20     0     18.57      6.32     10.21
 1459082459.40     0     18.42      6.23     10.20
 1459082459.60     0     18.50      6.25     10.15
 1459082459.80     0     18.49      6.24     10.11
 1459082460.00     0     18.38      6.19     10.20
 1459082460.20     0     18.57      6.32     10.25
 1459082460.40     0     18.39      6.21     10.20
 1459082460.60     0     18.55      6.30     10.20
 1459082460.80     0     18.46      6.22     10.15
 1459082461.00     0     18.38      6.20     10.15
 1459082461.20     0     18.65      6.40     10.16
 1459082461.40     0     18.41      6.22     10.10
 1459082461.60     0     20.18      7.93     10.28
 1459082461.80     0     18.39      6.20     10.20
 1459082462.00     0     18.58      6.33     10.30
 1459082462.20     0     18.52      6.28     10.20
 1459082462.40     0     18.41      6.22     10.15
 1459082462.60     0     18.57      6.32     10.11
 1459082462.80     0     18.50      6.25     10.30
 1459082463.00     0     18.43      6.24     10.20
 1459082463.20     0     18.71      6.46     10.31
 1459082463.40     0     18.40      6.21     10.10
 1459082463.60     0     18.57      6.32     10.16
 1459082463.80     0     18.59      6.40     10.21
 1459082464.00     0     18.69      6.45     10.07
 1459082464.20     0     18.75      6.50     10.31
 1459082464.40     0     18.62      6.43     10.07
 1459082464.60     0     20.65      8.40     10.29
 1459082464.80     0     25.95     13.76     10.11
 1459082465.00     0     26.17     13.91     10.23
 1459082465.20     0     21.67      9.48     10.30
 1459082465.40     0     18.69      6.44     10.26
 1459082465.60     0     18.46      6.27     10.25
 1459082465.80     0     18.48      6.23     10.11
 1459082466.00     0     18.51      6.26     10.25
 1459082466.20     0     18.47      6.28     10.20
 1459082466.40     0     18.49      6.24     10.16
 1459082466.60     0     18.49      6.30     10.25
 1459082466.80     0     18.55      6.30     10.20
 1459082467.00     0     18.44      6.26     10.06
 1459082467.20     0     19.36      7.11     10.26
 1459082467.40     0     18.54      6.30     10.06
 1459082467.60     0     20.21      8.02     10.27
 1459082467.80     0     18.57      6.32     10.35
 1459082468.00     0     18.41      6.22     10.15
 1459082468.20     0     18.54      6.29     10.30
 1459082468.40     0     18.40      6.21     10.20
 1459082468.60     0     19.10      6.86     10.21
 1459082468.80     0     18.52      6.28     10.20
 1459082469.00     0     18.52      6.33     10.26
 1459082469.20     0     18.57      6.32     10.11
 1459082469.40     0     18.39      6.21     10.24
 1459082469.60     0     18.51      6.26     10.16
 1459082469.80     0     18.39      6.20     10.25
 1459082470.00     0     18.56      6.31     10.30
 1459082470.20     0     18.48      6.30     10.16
 1459082470.40     0     18.50      6.26     10.20
 1459082470.60     0     20.65      8.40     10.28
 1459082470.80     0     25.73     13.54     10.20
 1459082471.01     0     25.85     13.60     10.25
 1459082471.21     0     19.17      6.98     10.20
 1459082471.41     0     18.49      6.24     10.30
 1459082471.61     0     18.42      6.23     10.15
 1459082471.81     0     18.59      6.34     10.21
 1459082472.01     0     18.55      6.36     10.21
 1459082472.21     0     18.65      6.40     10.25
 1459082472.41     0     18.56      6.31     10.26
 1459082472.61     0     18.48      6.30     10.25
 1459082472.81     0     18.54      6.29     10.30
 1459082473.01     0     18.52      6.33     10.25
 1459082473.21     0     18.65      6.40     10.30
 1459082473.41     0     18.54      6.36     10.25
 1459082473.61     0     20.53      8.28     10.32
 1459082473.81     0     25.85     13.60     10.25
 1459082474.01     0     25.73     13.53     10.16
 1459082474.21     0     24.09     11.84     10.21
 1459082474.41     0     18.40      6.21     10.10
 1459082474.61     0     18.56      6.31     10.25
 1459082474.81     0     18.40      6.21     10.20
 1459082475.01     0     18.49      6.25     10.20
 1459082475.21     0     18.61      6.36     10.25
 1459082475.41     0     18.41      6.22     10.11
 1459082475.61     0     18.50      6.25     10.20
 1459082475.81     0     18.38      6.19     10.15
 1459082476.01     0     18.50      6.25     10.25
 1459082476.21     0     18.44      6.25     10.20
 1459082476.41     0     22.32     10.07     10.25
 1459082476.61     0     25.44     13.19     10.18
 1459082476.81     0     18.39      6.20     10.25
 1459082477.01     0     18.46      6.22     10.20
 1459082477.21     0     18.49      6.30      9.97
 1459082477.41     0     18.56      6.31     10.26
 1459082477.61     0     18.45      6.27     10.20
 1459082477.81     0     18.51      6.26     10.25
 1459082478.01     0     18.42      6.24     10.20
 1459082478.21     0     18.54      6.29     10.25
 1459082478.41     0     18.53      6.28     10.30
 1459082478.61     0     18.58      6.40     10.11
 1459082478.81     0     18.51      6.26     10.25
 1459082479.01     0     18.55      6.36     10.16
 1459082479.21     0     18.63      6.38     10.30
 1459082479.41     0     18.53      6.28     10.25
 1459082479.61     0     20.43      8.24     10.22
 1459082479.81     0     25.83     13.57     10.26
 1459082480.01     0     25.66     13.47     10.11
 1459082480.21     0     25.77     13.52     10.11
 1459082480.41     0     22.94     10.75     10.30
 1459082480.61     0     18.50      6.25     10.20
 1459082480.81     0     18.43      6.24     10.20
 1459082481.01     0     18.45      6.20     10.11
 1459082481.21     0     18.50      6.32     10.15
 1459082481.41     0     18.49      6.24     10.25
 1459082481.61     0     18.53      6.28     10.21
 1459082481.81     0     18.43      6.24     10.15
 1459082482.01     0     18.54      6.29     10.16
 1459082482.21     0     18.48      6.30     10.34
 1459082482.41     0     18.52      6.27     10.16
 1459082482.61     0     20.18      7.99     10.26
 1459082482.81     0     18.56      6.31     10.30
 1459082483.01     0     18.61      6.36     10.11
 1459082483.21     0     18.46      6.27     10.20
 1459082483.41     0     18.52      6.27     10.30
 1459082483.61     0     18.43      6.24     10.10
 1459082483.81     0     18.48      6.23     10.20
 1459082484.01     0     18.49      6.24     10.25
 1459082484.21     0     18.48      6.29     10.16
 1459082484.41     0     18.52      6.27     10.20
 1459082484.61     0     18.45      6.26     10.20
 1459082484.81     0     18.51      6.26     10.25
 1459082485.01     0     18.40      6.22     10.15
 1459082485.21     0     18.66      6.41     10.25
 1459082485.41     0     18.54      6.29     10.25
 1459082485.61     0     20.11      7.92     10.03
 1459082485.81     0     18.46      6.21     10.30
 1459082486.01     0     18.39      6.20     10.25
 1459082486.21     0     24.65     12.40     10.32
 1459082486.41     0     21.82      9.64     10.16
 1459082486.61     0     18.55      6.30     10.25
 1459082486.81     0     18.56      6.31     10.25
 1459082487.01     0     18.61      6.42     10.16
 1459082487.21     0     18.77      6.52     10.26
 1459082487.41     0     18.62      6.43     10.20
 1459082487.61     0     18.69      6.44     10.30
 1459082487.81     0     18.57      6.38     10.15
 1459082488.01     0     18.69      6.44     10.30
 1459082488.21     0     18.72      6.46     10.31
 1459082488.41     0     18.59      6.40     10.20
 1459082488.61     0     20.57      8.32     10.33
 1459082488.81     0     18.57      6.38     10.11
 1459082489.01     0     18.79      6.54     10.26
 1459082489.22     0     18.67      6.48     10.16
