         #Time  Core     P_PKG     P_PP0    P_DRAM
 1459083275.65     0     18.44      6.25     10.10
 1459083275.85     0     18.45      6.21     10.25
 1459083276.05     0     18.96      6.71     10.30
 1459083276.25     0     19.63      7.45     10.26
 1459083276.45     0     18.46      6.21     10.34
 1459083276.65     0     18.39      6.20     10.15
 1459083276.85     0     18.50      6.26     10.25
 1459083277.05     0     18.50      6.26     10.25
 1459083277.25     0     18.46      6.27     10.29
 1459083277.45     0     19.01      6.76     10.16
 1459083277.65     0     18.37      6.19     10.29
 1459083277.85     0     18.45      6.20     10.25
 1459083278.05     0     18.56      6.31     10.11
 1459083278.25     0     18.37      6.18     10.24
 1459083278.45     0     18.45      6.21     10.20
 1459083278.65     0     18.77      6.59     10.13
 1459083278.85     0     18.52      6.27     10.29
 1459083279.05     0     18.89      6.64     10.35
 1459083279.25     0     20.20      8.01     10.21
 1459083279.45     0     25.74     13.49     10.25
 1459083279.65     0     21.75      9.56     10.25
 1459083279.85     0     18.48      6.23     10.29
 1459083280.05     0     18.50      6.25     10.11
 1459083280.25     0     18.48      6.30     10.20
 1459083280.45     0     18.53      6.28     10.25
 1459083280.65     0     18.53      6.28     10.30
 1459083280.85     0     18.43      6.25     10.33
 1459083281.05     0     18.53      6.26     10.17
 1459083281.25     0     18.44      6.26     10.20
 1459083281.45     0     18.46      6.22     10.20
 1459083281.65     0     18.35      6.16     10.20
 1459083281.85     0     18.53      6.29     10.25
 1459083282.05     0     18.73      6.48     10.21
 1459083282.25     0     19.83      7.64     10.17
 1459083282.45     0     18.48      6.23     10.16
 1459083282.65     0     18.48      6.29     10.16
 1459083282.85     0     18.51      6.26     10.11
 1459083283.05     0     18.62      6.37     10.30
 1459083283.25     0     18.38      6.20     10.10
 1459083283.46     0     18.49      6.25     10.20
 1459083283.66     0     18.41      6.22     10.01
 1459083283.86     0     18.45      6.20     10.20
 1459083284.06     0     18.50      6.25     10.16
 1459083284.26     0     18.36      6.18     10.10
 1459083284.46     0     18.50      6.27     10.24
 1459083284.66     0     18.46      6.24     10.23
 1459083284.86     0     18.46      6.21     10.20
 1459083285.06     0     18.40      6.21     10.20
 1459083285.26     0     20.24      7.99     10.27
 1459083285.46     0     18.49      6.25     10.35
 1459083285.66     0     18.37      6.18     10.24
 1459083285.86     0     18.45      6.21     10.20
 1459083286.06     0     18.49      6.24     10.25
 1459083286.26     0     18.45      6.26     10.29
 1459083286.46     0     18.44      6.19     10.30
 1459083286.66     0     18.43      6.25     10.25
 1459083286.86     0     18.47      6.23     10.34
 1459083287.06     0     18.53      6.28     10.30
 1459083287.26     0     18.48      6.29     10.25
 1459083287.46     0     23.38     11.14     10.22
 1459083287.66     0     25.67     13.48     10.20
 1459083287.86     0     25.76     13.51     10.11
 1459083288.06     0     25.75     13.50     10.20
 1459083288.26     0     20.82      8.63     10.27
 1459083288.46     0     25.76     13.51     10.30
 1459083288.66     0     25.98     13.79     10.17
 1459083288.86     0     18.91      6.66     10.21
 1459083289.06     0     18.48      6.23     10.16
 1459083289.26     0     18.42      6.24     10.20
 1459083289.46     0     18.47      6.22     10.30
 1459083289.66     0     18.43      6.24     10.06
 1459083289.86     0     18.50      6.26     10.30
 1459083290.06     0     18.51      6.27     10.25
 1459083290.26     0     18.43      6.24     10.20
 1459083290.46     0     18.50      6.25     10.16
 1459083290.66     0     18.58      6.33     10.20
 1459083290.86     0     18.38      6.19     10.25
 1459083291.06     0     18.55      6.30     10.25
 1459083291.26     0     20.16      7.97     10.12
 1459083291.46     0     18.52      6.28     10.25
 1459083291.66     0     18.48      6.23     10.25
 1459083291.86     0     18.42      6.24     10.25
 1459083292.06     0     18.48      6.24     10.20
 1459083292.26     0     18.42      6.23     10.01
 1459083292.46     0     18.46      6.22     10.15
 1459083292.66     0     18.57      6.33     10.25
 1459083292.86     0     18.39      6.20     10.24
 1459083293.06     0     18.63      6.38     10.30
 1459083293.26     0     18.52      6.28     10.30
 1459083293.46     0     18.39      6.20     10.20
 1459083293.66     0     18.49      6.25     10.34
 1459083293.86     0     18.40      6.21     10.15
 1459083294.06     0     18.49      6.25     10.25
 1459083294.26     0     20.23      7.98     10.26
 1459083294.46     0     18.37      6.18     10.15
 1459083294.66     0     18.52      6.27     10.15
 1459083294.86     0     18.41      6.23     10.15
 1459083295.06     0     18.48      6.23     10.20
 1459083295.26     0     18.51      6.26     10.11
 1459083295.46     0     18.38      6.20     10.20
 1459083295.66     0     18.60      6.35     10.25
 1459083295.86     0     18.50      6.25     10.15
 1459083296.06     0     18.38      6.20     10.25
 1459083296.27     0     18.52      6.28     10.35
 1459083296.47     0     18.45      6.26     10.20
 1459083296.67     0     18.46      6.21     10.25
 1459083296.87     0     18.38      6.24     10.15
 1459083297.07     0     18.52      6.23     10.15
 1459083297.27     0     20.41      8.16     10.37
 1459083297.47     0     18.40      6.22     10.10
 1459083297.67     0     18.45      6.20     10.25
 1459083297.87     0     18.47      6.22     10.25
 1459083298.07     0     18.41      6.23     10.15
 1459083298.27     0     18.47      6.23     10.15
 1459083298.47     0     18.40      6.21     10.30
 1459083298.67     0     18.64      6.39     10.20
 1459083298.87     0     18.62      6.37     10.30
 1459083299.07     0     18.41      6.23     10.20
 1459083299.27     0     18.52      6.27     10.20
 1459083299.47     0     18.47      6.22     10.11
 1459083299.67     0     18.38      6.19     10.29
 1459083299.87     0     18.47      6.23     10.25
 1459083300.07     0     18.45      6.26     10.06
 1459083300.27     0     21.00      8.75     10.22
 1459083300.47     0     26.07     13.82     10.22
 1459083300.67     0     25.65     13.46     10.15
 1459083300.87     0     25.79     13.54     10.25
 1459083301.07     0     25.63     13.44     10.29
 1459083301.27     0     20.44      8.19     10.16
 1459083301.47     0     18.39      6.20     10.15
 1459083301.67     0     18.45      6.21     10.30
 1459083301.87     0     18.47      6.23     10.25
 1459083302.07     0     18.45      6.26     10.15
 1459083302.27     0     18.50      6.26     10.20
 1459083302.47     0     22.79     10.54     10.30
 1459083302.67     0     25.63     13.44     10.25
 1459083302.87     0     25.72     13.47     10.30
 1459083303.07     0     24.48     12.29     10.16
 1459083303.27     0     20.19      7.95     10.13
 1459083303.47     0     18.38      6.19     10.11
 1459083303.67     0     18.43      6.19     10.29
 1459083303.87     0     18.45      6.20     10.21
 1459083304.07     0     18.40      6.22     10.10
 1459083304.27     0     18.58      6.34     10.25
 1459083304.47     0     18.48      6.23     10.25
 1459083304.67     0     18.42      6.23     10.29
 1459083304.87     0     18.44      6.19     10.34
 1459083305.07     0     18.37      6.19     10.20
 1459083305.27     0     18.51      6.26     10.20
 1459083305.47     0     18.51      6.26     10.06
 1459083305.67     0     18.36      6.18     10.15
 1459083305.87     0     18.46      6.21     10.30
 1459083306.07     0     18.55      6.30     10.21
 1459083306.27     0     20.09      7.91     10.17
 1459083306.47     0     18.42      6.18     10.25
 1459083306.67     0     18.41      6.23     10.25
 1459083306.87     0     18.45      6.20     10.16
 1459083307.07     0     18.47      6.22     10.25
 1459083307.27     0     18.41      6.23     10.29
 1459083307.47     0     18.51      6.26     10.21
 1459083307.67     0     18.36      6.18     10.24
 1459083307.87     0     18.44      6.19     10.25
 1459083308.07     0     18.53      6.28     10.30
 1459083308.27     0     18.38      6.19     10.20
 1459083308.47     0     18.45      6.20     10.15
 1459083308.67     0     18.49      6.30     10.15
 1459083308.87     0     18.57      6.32     10.30
 1459083309.07     0     18.49      6.24     10.11
 1459083309.27     0     20.18      7.99     10.07
 1459083309.47     0     18.46      6.22     10.25
 1459083309.67     0     18.39      6.21     10.01
 1459083309.88     0     18.44      6.20     10.20
 1459083310.08     0     18.49      6.24     10.16
 1459083310.28     0     18.41      6.22     10.20
 1459083310.48     0     18.49      6.24     10.16
 1459083310.68     0     18.57      6.33     10.06
 1459083310.88     0     18.38      6.19     10.01
 1459083311.08     0     18.48      6.24     10.20
 1459083311.28     0     18.54      6.36     10.25
 1459083311.48     0     18.46      6.21     10.25
 1459083311.68     0     18.47      6.22     10.25
 1459083311.88     0     18.38      6.20     10.39
 1459083312.08     0     18.55      6.31     10.20
 1459083312.28     0     21.04      8.86     10.26
 1459083312.48     0     25.75     13.50     10.30
 1459083312.68     0     22.40     10.15     10.30
 1459083312.88     0     18.35      6.17     10.20
 1459083313.08     0     18.66      6.41     10.21
 1459083313.28     0     18.45      6.26     10.15
 1459083313.48     0     18.50      6.25     10.30
 1459083313.68     0     18.51      6.27     10.15
